[29-03-2018 15:47:04] Picture D:\EasyPHP-DevServer-14.1VC9\data\localweb\projetos\Attra_br/wp-content/uploads/2018/03/logo-atra-br.png optimized from 5 KB to 3 KB
[29-03-2018 15:47:06] Picture D:\EasyPHP-DevServer-14.1VC9\data\localweb\projetos\Attra_br/wp-content/uploads/2018/03/logo-atra-br-150x45.png optimized from 3 KB to 2 KB
[29-03-2018 17:54:20] Picture D:\EasyPHP-DevServer-14.1VC9\data\localweb\projetos\Attra_br/wp-content/uploads/2018/03/barra-menu.jpg optimized from 1 KB to 287 B
[29-03-2018 18:45:36] Picture D:\EasyPHP-DevServer-14.1VC9\data\localweb\projetos\Attra_br/wp-content/uploads/2018/03/img-rodape.jpg optimized from 204 KB to 130 KB
[29-03-2018 18:45:38] Picture D:\EasyPHP-DevServer-14.1VC9\data\localweb\projetos\Attra_br/wp-content/uploads/2018/03/img-rodape-150x150.jpg optimized from 4 KB to 3 KB
[29-03-2018 18:45:40] Picture D:\EasyPHP-DevServer-14.1VC9\data\localweb\projetos\Attra_br/wp-content/uploads/2018/03/img-rodape-300x98.jpg optimized from 6 KB to 4 KB
[29-03-2018 18:45:44] Picture D:\EasyPHP-DevServer-14.1VC9\data\localweb\projetos\Attra_br/wp-content/uploads/2018/03/img-rodape-768x250.jpg optimized from 31 KB to 25 KB
[29-03-2018 18:49:01] Delete original image for : D:\EasyPHP-DevServer-14.1VC9\data\localweb\projetos\Attra_br/wp-content/uploads/2018/03/img-rodape.jpg
[29-03-2018 18:49:16] Picture D:\EasyPHP-DevServer-14.1VC9\data\localweb\projetos\Attra_br/wp-content/uploads/2018/03/img-rodape.jpg optimized from 204 KB to 130 KB
[29-03-2018 18:49:17] Picture D:\EasyPHP-DevServer-14.1VC9\data\localweb\projetos\Attra_br/wp-content/uploads/2018/03/img-rodape-150x150.jpg optimized from 4 KB to 3 KB
[29-03-2018 18:49:19] Picture D:\EasyPHP-DevServer-14.1VC9\data\localweb\projetos\Attra_br/wp-content/uploads/2018/03/img-rodape-300x98.jpg optimized from 6 KB to 4 KB
[29-03-2018 18:49:22] Picture D:\EasyPHP-DevServer-14.1VC9\data\localweb\projetos\Attra_br/wp-content/uploads/2018/03/img-rodape-768x250.jpg optimized from 31 KB to 25 KB
[29-03-2018 18:49:28] Picture D:\EasyPHP-DevServer-14.1VC9\data\localweb\projetos\Attra_br/wp-content/uploads/2018/03/img-rodape-1024x333.jpg optimized from 51 KB to 42 KB
[29-03-2018 18:49:57] Delete original image for : D:\EasyPHP-DevServer-14.1VC9\data\localweb\projetos\Attra_br/wp-content/uploads/2018/03/img-rodape.jpg
[29-03-2018 18:51:57] Picture D:\EasyPHP-DevServer-14.1VC9\data\localweb\projetos\Attra_br/wp-content/uploads/2018/03/img-rodape.jpg optimized from 176 KB to 127 KB
[29-03-2018 18:52:00] Picture D:\EasyPHP-DevServer-14.1VC9\data\localweb\projetos\Attra_br/wp-content/uploads/2018/03/img-rodape-150x150.jpg optimized from 4 KB to 3 KB
[29-03-2018 18:52:02] Picture D:\EasyPHP-DevServer-14.1VC9\data\localweb\projetos\Attra_br/wp-content/uploads/2018/03/img-rodape-300x98.jpg optimized from 6 KB to 4 KB
[29-03-2018 18:52:05] Picture D:\EasyPHP-DevServer-14.1VC9\data\localweb\projetos\Attra_br/wp-content/uploads/2018/03/img-rodape-768x250.jpg optimized from 31 KB to 25 KB
[29-03-2018 18:52:12] Picture D:\EasyPHP-DevServer-14.1VC9\data\localweb\projetos\Attra_br/wp-content/uploads/2018/03/img-rodape-1024x333.jpg optimized from 51 KB to 42 KB
[29-03-2018 18:52:43] Delete original image for : D:\EasyPHP-DevServer-14.1VC9\data\localweb\projetos\Attra_br/wp-content/uploads/2018/03/img-rodape.jpg
[29-03-2018 18:55:38] Picture D:\EasyPHP-DevServer-14.1VC9\data\localweb\projetos\Attra_br/wp-content/uploads/2018/03/img-rodape.jpg optimized from 176 KB to 127 KB
[29-03-2018 18:55:40] Picture D:\EasyPHP-DevServer-14.1VC9\data\localweb\projetos\Attra_br/wp-content/uploads/2018/03/img-rodape-150x150.jpg optimized from 4 KB to 3 KB
[29-03-2018 18:55:42] Picture D:\EasyPHP-DevServer-14.1VC9\data\localweb\projetos\Attra_br/wp-content/uploads/2018/03/img-rodape-300x98.jpg optimized from 6 KB to 4 KB
[29-03-2018 18:55:47] Picture D:\EasyPHP-DevServer-14.1VC9\data\localweb\projetos\Attra_br/wp-content/uploads/2018/03/img-rodape-768x250.jpg optimized from 31 KB to 25 KB
[29-03-2018 18:55:53] Picture D:\EasyPHP-DevServer-14.1VC9\data\localweb\projetos\Attra_br/wp-content/uploads/2018/03/img-rodape-1024x333.jpg optimized from 51 KB to 42 KB
[29-03-2018 18:57:15] Delete original image for : D:\EasyPHP-DevServer-14.1VC9\data\localweb\projetos\Attra_br/wp-content/uploads/2018/03/img-rodape.jpg
[29-03-2018 18:57:31] Picture D:\EasyPHP-DevServer-14.1VC9\data\localweb\projetos\Attra_br/wp-content/uploads/2018/03/img-rodape.jpg optimized from 176 KB to 127 KB
[29-03-2018 18:57:33] Picture D:\EasyPHP-DevServer-14.1VC9\data\localweb\projetos\Attra_br/wp-content/uploads/2018/03/img-rodape-150x150.jpg optimized from 4 KB to 3 KB
[29-03-2018 18:57:35] Picture D:\EasyPHP-DevServer-14.1VC9\data\localweb\projetos\Attra_br/wp-content/uploads/2018/03/img-rodape-300x98.jpg optimized from 6 KB to 4 KB
[29-03-2018 18:57:38] Picture D:\EasyPHP-DevServer-14.1VC9\data\localweb\projetos\Attra_br/wp-content/uploads/2018/03/img-rodape-768x250.jpg optimized from 31 KB to 25 KB
[29-03-2018 18:57:43] Picture D:\EasyPHP-DevServer-14.1VC9\data\localweb\projetos\Attra_br/wp-content/uploads/2018/03/img-rodape-1024x333.jpg optimized from 51 KB to 42 KB
[29-03-2018 18:59:33] Picture D:\EasyPHP-DevServer-14.1VC9\data\localweb\projetos\Attra_br/wp-content/uploads/2018/03/logo-attra.jpg optimized from 3 KB to 1 KB
[29-03-2018 18:59:35] Picture D:\EasyPHP-DevServer-14.1VC9\data\localweb\projetos\Attra_br/wp-content/uploads/2018/03/logo-attra-150x150.jpg optimized from 2 KB to 1 KB
[29-03-2018 19:00:39] Picture D:\EasyPHP-DevServer-14.1VC9\data\localweb\projetos\Attra_br/wp-content/uploads/2018/03/img-rodape-1.jpg optimized from 176 KB to 127 KB
[29-03-2018 19:00:41] Picture D:\EasyPHP-DevServer-14.1VC9\data\localweb\projetos\Attra_br/wp-content/uploads/2018/03/img-rodape-1-150x150.jpg optimized from 4 KB to 3 KB
[29-03-2018 19:00:44] Picture D:\EasyPHP-DevServer-14.1VC9\data\localweb\projetos\Attra_br/wp-content/uploads/2018/03/img-rodape-1-300x98.jpg optimized from 6 KB to 4 KB
[29-03-2018 19:00:50] Picture D:\EasyPHP-DevServer-14.1VC9\data\localweb\projetos\Attra_br/wp-content/uploads/2018/03/img-rodape-1-768x250.jpg optimized from 31 KB to 25 KB
[29-03-2018 19:02:34] Delete original image for : D:\EasyPHP-DevServer-14.1VC9\data\localweb\projetos\Attra_br/wp-content/uploads/2018/03/img-rodape-1.jpg
[29-03-2018 19:02:37] Delete original image for : D:\EasyPHP-DevServer-14.1VC9\data\localweb\projetos\Attra_br/wp-content/uploads/2018/03/img-rodape.jpg
[29-03-2018 19:03:06] Picture D:\EasyPHP-DevServer-14.1VC9\data\localweb\projetos\Attra_br/wp-content/uploads/2018/03/background-rodape.jpg optimized from 324 KB to 113 KB
[29-03-2018 19:03:08] Picture D:\EasyPHP-DevServer-14.1VC9\data\localweb\projetos\Attra_br/wp-content/uploads/2018/03/background-rodape-150x150.jpg optimized from 4 KB to 3 KB
[29-03-2018 19:03:10] Picture D:\EasyPHP-DevServer-14.1VC9\data\localweb\projetos\Attra_br/wp-content/uploads/2018/03/background-rodape-300x105.jpg optimized from 6 KB to 5 KB
[29-03-2018 19:03:14] Picture D:\EasyPHP-DevServer-14.1VC9\data\localweb\projetos\Attra_br/wp-content/uploads/2018/03/background-rodape-768x269.jpg optimized from 33 KB to 27 KB
[29-03-2018 19:03:52] Picture D:\EasyPHP-DevServer-14.1VC9\data\localweb\projetos\Attra_br/wp-content/uploads/2018/03/background-rodape-tentativa-2.jpg optimized from 185 KB to 117 KB
[29-03-2018 19:03:54] Picture D:\EasyPHP-DevServer-14.1VC9\data\localweb\projetos\Attra_br/wp-content/uploads/2018/03/background-rodape-tentativa-2-150x150.jpg optimized from 4 KB to 3 KB
[29-03-2018 19:03:56] Picture D:\EasyPHP-DevServer-14.1VC9\data\localweb\projetos\Attra_br/wp-content/uploads/2018/03/background-rodape-tentativa-2-300x105.jpg optimized from 6 KB to 5 KB
[29-03-2018 19:04:00] Picture D:\EasyPHP-DevServer-14.1VC9\data\localweb\projetos\Attra_br/wp-content/uploads/2018/03/background-rodape-tentativa-2-768x269.jpg optimized from 33 KB to 27 KB
[29-03-2018 19:04:08] Picture D:\EasyPHP-DevServer-14.1VC9\data\localweb\projetos\Attra_br/wp-content/uploads/2018/03/background-rodape-tentativa-2-1024x359.jpg optimized from 55 KB to 45 KB
[29-03-2018 19:05:30] Delete original image for : D:\EasyPHP-DevServer-14.1VC9\data\localweb\projetos\Attra_br/wp-content/uploads/2018/03/background-rodape.jpg
[29-03-2018 19:05:33] Delete original image for : D:\EasyPHP-DevServer-14.1VC9\data\localweb\projetos\Attra_br/wp-content/uploads/2018/03/background-rodape-tentativa-2.jpg
[29-03-2018 19:07:00] Picture D:\EasyPHP-DevServer-14.1VC9\data\localweb\projetos\Attra_br/wp-content/uploads/2018/03/img-footer.jpg optimized from 174 KB to 111 KB
[29-03-2018 19:07:02] Picture D:\EasyPHP-DevServer-14.1VC9\data\localweb\projetos\Attra_br/wp-content/uploads/2018/03/img-footer-150x150.jpg optimized from 4 KB to 3 KB
[29-03-2018 19:07:05] Picture D:\EasyPHP-DevServer-14.1VC9\data\localweb\projetos\Attra_br/wp-content/uploads/2018/03/img-footer-300x111.jpg optimized from 6 KB to 5 KB
[29-03-2018 19:07:11] Picture D:\EasyPHP-DevServer-14.1VC9\data\localweb\projetos\Attra_br/wp-content/uploads/2018/03/img-footer-768x284.jpg optimized from 35 KB to 28 KB
[29-03-2018 19:08:25] Delete original image for : D:\EasyPHP-DevServer-14.1VC9\data\localweb\projetos\Attra_br/wp-content/uploads/2018/03/img-footer.jpg
[29-03-2018 19:09:05] Picture D:\EasyPHP-DevServer-14.1VC9\data\localweb\projetos\Attra_br/wp-content/uploads/2018/03/img-footer.jpg optimized from 174 KB to 111 KB
[29-03-2018 19:09:07] Picture D:\EasyPHP-DevServer-14.1VC9\data\localweb\projetos\Attra_br/wp-content/uploads/2018/03/img-footer-150x150.jpg optimized from 4 KB to 3 KB
[29-03-2018 19:09:09] Picture D:\EasyPHP-DevServer-14.1VC9\data\localweb\projetos\Attra_br/wp-content/uploads/2018/03/img-footer-300x111.jpg optimized from 6 KB to 5 KB
[29-03-2018 19:09:13] Picture D:\EasyPHP-DevServer-14.1VC9\data\localweb\projetos\Attra_br/wp-content/uploads/2018/03/img-footer-768x284.jpg optimized from 35 KB to 28 KB
[29-03-2018 19:09:18] Picture D:\EasyPHP-DevServer-14.1VC9\data\localweb\projetos\Attra_br/wp-content/uploads/2018/03/img-footer-1024x379.jpg optimized from 57 KB to 46 KB
[29-03-2018 19:15:01] Picture D:\EasyPHP-DevServer-14.1VC9\data\localweb\projetos\Attra_br/wp-content/uploads/2018/03/12.jpg optimized from 79 KB to 48 KB
[29-03-2018 19:15:02] Picture D:\EasyPHP-DevServer-14.1VC9\data\localweb\projetos\Attra_br/wp-content/uploads/2018/03/12-150x150.jpg optimized from 5 KB to 4 KB
[29-03-2018 19:15:05] Picture D:\EasyPHP-DevServer-14.1VC9\data\localweb\projetos\Attra_br/wp-content/uploads/2018/03/12-300x225.jpg optimized from 12 KB to 10 KB
[29-03-2018 19:15:11] Picture D:\EasyPHP-DevServer-14.1VC9\data\localweb\projetos\Attra_br/wp-content/uploads/2018/03/12-768x576.jpg optimized from 54 KB to 45 KB
[29-03-2018 19:15:17] Picture D:\EasyPHP-DevServer-14.1VC9\data\localweb\projetos\Attra_br/wp-content/uploads/2018/03/12-800x600.jpg optimized from 62 KB to 52 KB
[29-03-2018 19:16:20] Picture D:\EasyPHP-DevServer-14.1VC9\data\localweb\projetos\Attra_br/wp-content/uploads/2018/03/footer-bg.jpg optimized from 153 KB to 97 KB
[29-03-2018 19:16:22] Picture D:\EasyPHP-DevServer-14.1VC9\data\localweb\projetos\Attra_br/wp-content/uploads/2018/03/footer-bg-150x150.jpg optimized from 4 KB to 3 KB
[29-03-2018 19:16:25] Picture D:\EasyPHP-DevServer-14.1VC9\data\localweb\projetos\Attra_br/wp-content/uploads/2018/03/footer-bg-300x113.jpg optimized from 6 KB to 5 KB
[29-03-2018 19:16:28] Picture D:\EasyPHP-DevServer-14.1VC9\data\localweb\projetos\Attra_br/wp-content/uploads/2018/03/footer-bg-768x288.jpg optimized from 35 KB to 28 KB
[29-03-2018 19:16:33] Picture D:\EasyPHP-DevServer-14.1VC9\data\localweb\projetos\Attra_br/wp-content/uploads/2018/03/footer-bg-1024x384.jpg optimized from 57 KB to 47 KB
